<?xml version="1.0" encoding="UTF-8"?>
<!-- Generated by org.testng.reporters.JUnitXMLReporter -->
<testsuite ignored="0" hostname="DESKTOP-E12LQAM" failures="0" tests="7" name="Surefire test" time="8.964" errors="0" timestamp="2024-12-01T12:26:10 PKT">
  <testcase classname="com.api.test.APITest" name="testCreatePost" time="2.637"/>
  <testcase classname="com.api.test.APITest" name="testUpdatePost" time="1.069"/>
  <testcase classname="com.api.test.APITest" name="testDeletePost" time="1.067"/>
  <testcase classname="com.api.test.APITestTest" name="validateGetPosts" time="0.484"/>
  <testcase classname="com.api.test.APITestTest" name="validateCreatePost" time="1.157"/>
  <testcase classname="com.api.test.APITestTest" name="validateUpdatePost" time="0.996"/>
  <testcase classname="com.api.test.APITestTest" name="validateDeletePost" time="1.071"/>
</testsuite> <!-- Surefire test -->
