<?xml version="1.0" encoding="UTF-8"?>
<testng-results ignored="0" total="7" passed="7" failed="0" skipped="0">
  <reporter-output>
  </reporter-output>
  <suite started-at="2024-12-01T12:26:01 PKT" name="Surefire suite" finished-at="2024-12-01T12:26:10 PKT" duration-ms="8964">
    <groups>
    </groups>
    <test started-at="2024-12-01T12:26:01 PKT" name="Surefire test" finished-at="2024-12-01T12:26:10 PKT" duration-ms="8964">
      <class name="com.api.test.APITest">
        <test-method is-config="true" signature="setup()[pri:0, instance:com.api.test.APITest@36f0f1be]" started-at="2024-12-01T12:26:01 PKT" name="setup" finished-at="2024-12-01T12:26:01 PKT" duration-ms="454" status="PASS">
          <reporter-output>
          </reporter-output>
        </test-method> <!-- setup -->
        <test-method signature="testCreatePost()[pri:2, instance:com.api.test.APITest@36f0f1be]" started-at="2024-12-01T12:26:01 PKT" name="testCreatePost" finished-at="2024-12-01T12:26:04 PKT" duration-ms="2637" status="PASS">
          <reporter-output>
          </reporter-output>
        </test-method> <!-- testCreatePost -->
        <test-method signature="testUpdatePost()[pri:3, instance:com.api.test.APITest@36f0f1be]" started-at="2024-12-01T12:26:04 PKT" name="testUpdatePost" finished-at="2024-12-01T12:26:05 PKT" duration-ms="1069" status="PASS">
          <reporter-output>
          </reporter-output>
        </test-method> <!-- testUpdatePost -->
        <test-method signature="testDeletePost()[pri:4, instance:com.api.test.APITest@36f0f1be]" started-at="2024-12-01T12:26:05 PKT" name="testDeletePost" finished-at="2024-12-01T12:26:06 PKT" duration-ms="1067" status="PASS">
          <reporter-output>
          </reporter-output>
        </test-method> <!-- testDeletePost -->
      </class> <!-- com.api.test.APITest -->
      <class name="com.api.test.APITestTest">
        <test-method signature="validateGetPosts()[pri:1, instance:com.api.test.APITestTest@157632c9]" started-at="2024-12-01T12:26:06 PKT" name="validateGetPosts" finished-at="2024-12-01T12:26:07 PKT" duration-ms="484" status="PASS">
          <reporter-output>
          </reporter-output>
        </test-method> <!-- validateGetPosts -->
        <test-method signature="validateCreatePost()[pri:2, instance:com.api.test.APITestTest@157632c9]" started-at="2024-12-01T12:26:07 PKT" name="validateCreatePost" finished-at="2024-12-01T12:26:08 PKT" duration-ms="1157" status="PASS">
          <reporter-output>
          </reporter-output>
        </test-method> <!-- validateCreatePost -->
        <test-method signature="validateUpdatePost()[pri:3, instance:com.api.test.APITestTest@157632c9]" started-at="2024-12-01T12:26:08 PKT" name="validateUpdatePost" finished-at="2024-12-01T12:26:09 PKT" duration-ms="996" status="PASS">
          <reporter-output>
          </reporter-output>
        </test-method> <!-- validateUpdatePost -->
        <test-method signature="validateDeletePost()[pri:4, instance:com.api.test.APITestTest@157632c9]" started-at="2024-12-01T12:26:09 PKT" name="validateDeletePost" finished-at="2024-12-01T12:26:10 PKT" duration-ms="1071" status="PASS">
          <reporter-output>
          </reporter-output>
        </test-method> <!-- validateDeletePost -->
      </class> <!-- com.api.test.APITestTest -->
    </test> <!-- Surefire test -->
  </suite> <!-- Surefire suite -->
</testng-results>
