<?xml version="1.0" encoding="UTF-8"?>
<testsuite xmlns:xsi="http://www.w3.org/2001/XMLSchema-instance" xsi:noNamespaceSchemaLocation="https://maven.apache.org/surefire/maven-surefire-plugin/xsd/surefire-test-report-3.0.xsd" version="3.0" name="TestSuite" time="9.428" tests="7" errors="0" skipped="0" failures="0">
  <properties>
[...]
</properties>
  <testcase name="testCreatePost" classname="com.api.test.APITest" time="2.637"/>
  <testcase name="testUpdatePost" classname="com.api.test.APITest" time="1.066"/>
  <testcase name="testDeletePost" classname="com.api.test.APITest" time="1.067"/>
  <testcase name="validateGetPosts" classname="com.api.test.APITestTest" time="0.485"/>
  <testcase name="validateCreatePost" classname="com.api.test.APITestTest" time="1.158"/>
  <testcase name="validateUpdatePost" classname="com.api.test.APITestTest" time="0.997"/>
  <testcase name="validateDeletePost" classname="com.api.test.APITestTest" time="1.071"/>
</testsuite>